<?xml version="1.0" encoding="UTF-8"?>
<testng-results ignored="0" total="1" passed="1" failed="0" skipped="0">
  <reporter-output>
  </reporter-output>
  <suite started-at="2022-01-31T21:49:53 IST" name="All Test Suite" finished-at="2022-01-31T21:50:17 IST" duration-ms="23196">
    <groups>
    </groups>
    <test started-at="2022-01-31T21:49:53 IST" name="C:/Akhil/Git/automationpractice/automationpractice_Repo/Hybrid_newFramework" finished-at="2022-01-31T21:50:17 IST" duration-ms="23196">
      <class name="testCases.TC1_loginPage">
        <test-method is-config="true" signature="InitiateDriverInstance()[pri:0, instance:testCases.TC1_loginPage@6bedbc4d]" started-at="2022-01-31T21:49:54 IST" name="InitiateDriverInstance" finished-at="2022-01-31T21:50:08 IST" duration-ms="14077" status="PASS">
          <reporter-output>
          </reporter-output>
        </test-method> <!-- InitiateDriverInstance -->
        <test-method signature="validateLogin()[pri:1, instance:testCases.TC1_loginPage@6bedbc4d]" started-at="2022-01-31T21:50:08 IST" name="validateLogin" finished-at="2022-01-31T21:50:15 IST" duration-ms="7069" status="PASS">
          <reporter-output>
          </reporter-output>
        </test-method> <!-- validateLogin -->
        <test-method is-config="true" signature="closeInstance(org.testng.ITestResult)[pri:0, instance:testCases.TC1_loginPage@6bedbc4d]" started-at="2022-01-31T21:50:15 IST" name="closeInstance" finished-at="2022-01-31T21:50:17 IST" duration-ms="1986" status="PASS">
          <params>
            <param index="0">
              <value>
                <![CDATA[[TestResult name=validateLogin status=SUCCESS method=TC1_loginPage.validateLogin()[pri:1, instance:testCases.TC1_loginPage@6bedbc4d] output={null}]]]>
              </value>
            </param>
          </params>
          <reporter-output>
          </reporter-output>
        </test-method> <!-- closeInstance -->
      </class> <!-- testCases.TC1_loginPage -->
    </test> <!-- C:/Akhil/Git/automationpractice/automationpractice_Repo/Hybrid_newFramework -->
  </suite> <!-- All Test Suite -->
</testng-results>
